[debug] [2022-03-23T19:51:34.880Z] ----------------------------------------------------------------------
[debug] [2022-03-23T19:51:34.882Z] Command:       C:\Program Files\nodejs\node.exe C:\Users\TECHNOSELLERS\AppData\Roaming\npm\node_modules\firebase-tools\lib\bin\firebase.js deploy
[debug] [2022-03-23T19:51:34.882Z] CLI Version:   10.4.0
[debug] [2022-03-23T19:51:34.882Z] Platform:      win32
[debug] [2022-03-23T19:51:34.882Z] Node Version:  v16.14.1
[debug] [2022-03-23T19:51:34.883Z] Time:          Thu Mar 24 2022 00:51:34 GMT+0500 (Pakistan Standard Time)
[debug] [2022-03-23T19:51:34.884Z] ----------------------------------------------------------------------
[debug] 
[debug] [2022-03-23T19:51:34.951Z] > command requires scopes: ["email","openid","https://www.googleapis.com/auth/cloudplatformprojects.readonly","https://www.googleapis.com/auth/firebase","https://www.googleapis.com/auth/cloud-platform"]
[debug] [2022-03-23T19:51:34.952Z] > authorizing via signed-in user (shahmir.shamim1@gmail.com)
[debug] [2022-03-23T19:51:34.952Z] [iam] checking project cartex-web-6e213 for permissions ["firebase.projects.get","firebasehosting.sites.update"]
[debug] [2022-03-23T19:51:34.954Z] >>> [apiv2][query] POST https://cloudresourcemanager.googleapis.com/v1/projects/cartex-web-6e213:testIamPermissions [none]
[debug] [2022-03-23T19:51:34.954Z] >>> [apiv2][body] POST https://cloudresourcemanager.googleapis.com/v1/projects/cartex-web-6e213:testIamPermissions {"permissions":["firebase.projects.get","firebasehosting.sites.update"]}
[debug] [2022-03-23T19:51:49.350Z] ----------------------------------------------------------------------
[debug] [2022-03-23T19:51:49.352Z] Command:       C:\Program Files\nodejs\node.exe C:\Users\TECHNOSELLERS\AppData\Roaming\npm\node_modules\firebase-tools\lib\bin\firebase.js deploy
[debug] [2022-03-23T19:51:49.353Z] CLI Version:   10.4.0
[debug] [2022-03-23T19:51:49.353Z] Platform:      win32
[debug] [2022-03-23T19:51:49.353Z] Node Version:  v16.14.1
[debug] [2022-03-23T19:51:49.354Z] Time:          Thu Mar 24 2022 00:51:49 GMT+0500 (Pakistan Standard Time)
[debug] [2022-03-23T19:51:49.354Z] ----------------------------------------------------------------------
[debug] 
[debug] [2022-03-23T19:51:49.434Z] > command requires scopes: ["email","openid","https://www.googleapis.com/auth/cloudplatformprojects.readonly","https://www.googleapis.com/auth/firebase","https://www.googleapis.com/auth/cloud-platform"]
[debug] [2022-03-23T19:51:49.434Z] > authorizing via signed-in user (shahmir.shamim1@gmail.com)
[debug] [2022-03-23T19:51:49.435Z] [iam] checking project cartex-web-6e213 for permissions ["firebase.projects.get","firebasehosting.sites.update"]
[debug] [2022-03-23T19:51:49.439Z] >>> [apiv2][query] POST https://cloudresourcemanager.googleapis.com/v1/projects/cartex-web-6e213:testIamPermissions [none]
[debug] [2022-03-23T19:51:49.439Z] >>> [apiv2][body] POST https://cloudresourcemanager.googleapis.com/v1/projects/cartex-web-6e213:testIamPermissions {"permissions":["firebase.projects.get","firebasehosting.sites.update"]}
[debug] [2022-03-23T19:51:59.345Z] <<< [apiv2][status] POST https://cloudresourcemanager.googleapis.com/v1/projects/cartex-web-6e213:testIamPermissions 200
[debug] [2022-03-23T19:51:59.345Z] <<< [apiv2][body] POST https://cloudresourcemanager.googleapis.com/v1/projects/cartex-web-6e213:testIamPermissions {"permissions":["firebase.projects.get","firebasehosting.sites.update"]}
[debug] [2022-03-23T19:51:59.346Z] >>> [apiv2][query] GET https://firebase.googleapis.com/v1beta1/projects/cartex-web-6e213 [none]
[debug] [2022-03-23T19:52:00.345Z] <<< [apiv2][status] GET https://firebase.googleapis.com/v1beta1/projects/cartex-web-6e213 200
[debug] [2022-03-23T19:52:00.346Z] <<< [apiv2][body] GET https://firebase.googleapis.com/v1beta1/projects/cartex-web-6e213 {"projectId":"cartex-web-6e213","projectNumber":"198472961765","displayName":"cartex-web","name":"projects/cartex-web-6e213","resources":{"hostingSite":"cartex-web-6e213"},"state":"ACTIVE"}
[info] 
[info] === Deploying to 'cartex-web-6e213'...
[info] 
[info] i  deploying hosting 
[debug] [2022-03-23T19:52:00.352Z] >>> [apiv2][query] GET https://firebase.googleapis.com/v1beta1/projects/cartex-web-6e213 [none]
[debug] [2022-03-23T19:52:02.353Z] <<< [apiv2][status] GET https://firebase.googleapis.com/v1beta1/projects/cartex-web-6e213 200
[debug] [2022-03-23T19:52:02.353Z] <<< [apiv2][body] GET https://firebase.googleapis.com/v1beta1/projects/cartex-web-6e213 {"projectId":"cartex-web-6e213","projectNumber":"198472961765","displayName":"cartex-web","name":"projects/cartex-web-6e213","resources":{"hostingSite":"cartex-web-6e213"},"state":"ACTIVE"}
[debug] [2022-03-23T19:52:02.356Z] >>> [apiv2][query] POST https://firebasehosting.googleapis.com/v1beta1/projects/198472961765/sites/cartex-web-6e213/versions [none]
[debug] [2022-03-23T19:52:02.356Z] >>> [apiv2][body] POST https://firebasehosting.googleapis.com/v1beta1/projects/198472961765/sites/cartex-web-6e213/versions {"config":{"rewrites":[{"glob":"**","path":"/index.html"}]},"labels":{"deployment-tool":"cli-firebase"}}
